<?xml version="1.0" encoding="UTF-8"?>
<!-- Generated by org.testng.reporters.JUnitReportReporter -->
<testsuite hostname="DESKTOP-R9V6840" failures="0" tests="1" name="test.test1" time="4.146" errors="0" timestamp="2024-08-08T21:26:31 IST" skipped="0">
  <testcase classname="test.test1" name="testlogin" time="4.146"/>
  <system-out/>
</testsuite> <!-- test.test1 -->
