<?xml version="1.0" encoding="UTF-8"?>
<!-- Generated by org.testng.reporters.JUnitReportReporter -->
<testsuite hostname="DESKTOP-R9V6840" failures="0" tests="1" name="Examtest.Examtest1" time="13.744" errors="0" timestamp="2024-08-31T14:44:49 IST" skipped="0">
  <testcase classname="Examtest.Examtest1" name="page" time="13.744"/>
  <system-out/>
</testsuite> <!-- Examtest.Examtest1 -->
