<?xml version="1.0" encoding="UTF-8"?>
<!-- Generated by org.testng.reporters.JUnitReportReporter -->
<testsuite hostname="DESKTOP-R9V6840" failures="0" tests="1" name="ProjectTest.KsrtcTest" time="24.779" errors="0" timestamp="2024-08-29T17:21:49 IST" skipped="0">
  <testcase classname="ProjectTest.KsrtcTest" name="homepage" time="24.779"/>
  <system-out/>
</testsuite> <!-- ProjectTest.KsrtcTest -->
